Log file open, 11/10/18 23:08:12
LogWindows: Failed to load 'aqProf.dll' (GetLastError=126)
LogWindows: File 'aqProf.dll' does not exist
LogWindows: Failed to load 'VtuneApi.dll' (GetLastError=126)
LogWindows: File 'VtuneApi.dll' does not exist
LogWindows: Failed to load 'VtuneApi32e.dll' (GetLastError=126)
LogWindows: File 'VtuneApi32e.dll' does not exist
LogInit: Display: Running engine for game: TGPPair
LogPlatformFile: Not using cached read wrapper
LogTaskGraph: Started task graph with 5 named threads and 14 total threads with 3 sets of task threads.
LogStats: Stats thread started at 0.415218
LogD3D11RHI: Loaded GFSDK_Aftermath_Lib.x64.dll
LogICUInternationalization: Display: ICU TimeZone Detection - Raw Offset: +0:00, Platform Override: ''
LogPluginManager: Mounting plugin Paper2D
LogPluginManager: Mounting plugin AISupport
LogPluginManager: Mounting plugin LightPropagationVolume
LogPluginManager: Mounting plugin CLionSourceCodeAccess
LogPluginManager: Mounting plugin CodeLiteSourceCodeAccess
LogPluginManager: Mounting plugin GitSourceControl
LogPluginManager: Mounting plugin KDevelopSourceCodeAccess
LogPluginManager: Mounting plugin NullSourceCodeAccess
LogPluginManager: Mounting plugin PerforceSourceControl
LogPluginManager: Mounting plugin SubversionSourceControl
LogPluginManager: Mounting plugin UObjectPlugin
LogPluginManager: Mounting plugin VisualStudioCodeSourceCodeAccess
LogPluginManager: Mounting plugin VisualStudioSourceCodeAccess
LogPluginManager: Mounting plugin XCodeSourceCodeAccess
LogPluginManager: Mounting plugin AssetManagerEditor
LogPluginManager: Mounting plugin CryptoKeys
LogPluginManager: Mounting plugin DataValidation
LogPluginManager: Mounting plugin FacialAnimation
LogPluginManager: Mounting plugin GameplayTagsEditor
LogPluginManager: Mounting plugin MacGraphicsSwitching
LogPluginManager: Mounting plugin MeshEditor
LogPluginManager: Mounting plugin MobileLauncherProfileWizard
LogPluginManager: Mounting plugin PluginBrowser
LogPluginManager: Mounting plugin SpeedTreeImporter
LogPluginManager: Mounting plugin DatasmithContent
LogPluginManager: Mounting plugin AlembicImporter
LogPluginManager: Mounting plugin AppleImageUtils
LogPluginManager: Mounting plugin AppleVision
LogPluginManager: Mounting plugin BackChannel
LogPluginManager: Mounting plugin CharacterAI
LogPluginManager: Mounting plugin GeometryCache
LogPluginManager: Mounting plugin HTML5Networking
LogPluginManager: Mounting plugin ProxyLODPlugin
LogPluginManager: Mounting plugin MagicLeap
LogPluginManager: Mounting plugin MagicLeapEmulator
LogPluginManager: Mounting plugin MagicLeapMedia
LogPluginManager: Mounting plugin AndroidMedia
LogPluginManager: Mounting plugin AvfMedia
LogPluginManager: Mounting plugin ImgMedia
LogPluginManager: Mounting plugin LinearTimecode
LogPluginManager: Mounting plugin MediaCompositing
LogPluginManager: Mounting plugin MediaPlayerEditor
LogPluginManager: Mounting plugin WmfMedia
LogPluginManager: Mounting plugin TcpMessaging
LogPluginManager: Mounting plugin UdpMessaging
LogPluginManager: Mounting plugin ActorSequence
LogPluginManager: Mounting plugin LevelSequenceEditor
LogPluginManager: Mounting plugin MatineeToLevelSequence
LogPluginManager: Mounting plugin NetcodeUnitTest
LogPluginManager: Mounting plugin NUTUnrealEngine4
LogPluginManager: Mounting plugin OnlineSubsystemGooglePlay
LogPluginManager: Mounting plugin OnlineSubsystemIOS
LogPluginManager: Mounting plugin OnlineSubsystem
LogPluginManager: Mounting plugin OnlineSubsystemNull
LogPluginManager: Mounting plugin OnlineSubsystemUtils
LogPluginManager: Mounting plugin LauncherChunkInstaller
LogPluginManager: Mounting plugin AndroidDeviceProfileSelector
LogPluginManager: Mounting plugin AndroidMoviePlayer
LogPluginManager: Mounting plugin AndroidPermission
LogPluginManager: Mounting plugin AppleMoviePlayer
LogPluginManager: Mounting plugin ArchVisCharacter
LogPluginManager: Mounting plugin AudioCapture
LogPluginManager: Mounting plugin CableComponent
LogPluginManager: Mounting plugin CustomMeshComponent
LogPluginManager: Mounting plugin EditableMesh
LogPluginManager: Mounting plugin ExampleDeviceProfileSelector
LogPluginManager: Mounting plugin GoogleCloudMessaging
LogPluginManager: Mounting plugin ImmediatePhysics
LogPluginManager: Mounting plugin IOSDeviceProfileSelector
LogPluginManager: Mounting plugin LinuxDeviceProfileSelector
LogPluginManager: Mounting plugin LocationServicesBPLibrary
LogPluginManager: Mounting plugin MobilePatchingUtils
LogPluginManager: Mounting plugin OculusVR
LogPluginManager: Plugin shader directory ../../../Engine/Plugins/Runtime/Oculus/OculusVR/Shaders found
LogPluginManager: Mapping shader source directory ../../../Engine/Plugins/Runtime/Oculus/OculusVR/Shaders to virtual directory /Plugin/OculusVR
LogPluginManager: Mounting plugin PhysXVehicles
LogPluginManager: Mounting plugin ProceduralMeshComponent
LogPluginManager: Mounting plugin RuntimePhysXCooking
LogPluginManager: Mounting plugin SteamVR
LogPluginManager: Mounting plugin WindowsMoviePlayer
LogStreaming: Display: Took  0.275s to configure plugins.
LogInit: Using libcurl 7.55.1-DEV
LogInit:  - built for x86_64-pc-win32
LogInit:  - supports SSL with OpenSSL/1.0.2h
LogInit:  - supports HTTP deflate (compression) using libz 1.2.8
LogInit:  - other features:
LogInit:      CURL_VERSION_SSL
LogInit:      CURL_VERSION_LIBZ
LogInit:      CURL_VERSION_IPV6
LogInit:      CURL_VERSION_ASYNCHDNS
LogInit:      CURL_VERSION_LARGEFILE
LogInit:      CURL_VERSION_IDN
LogInit:  CurlRequestOptions (configurable via config and command line):
LogInit:  - bVerifyPeer = false  - Libcurl will NOT verify peer certificate
LogInit:  - bUseHttpProxy = false  - Libcurl will NOT use HTTP proxy
LogInit:  - bDontReuseConnections = false  - Libcurl will reuse connections
LogInit:  - CertBundlePath = nullptr  - Libcurl will use whatever was configured at build time.
LogInit:  - MaxHostConnections = 16  - Libcurl will limit the number of connections to a host
LogInit:  - LocalHostAddr = Default
LogInit:  - BufferSize = 65536
LogInit: WinSock: version 1.1 (2.2), MaxSocks=32767, MaxUdp=65467
LogInit: Build: ++UE4+Release-4.20-CL-4369336
LogInit: Engine Version: 4.20.3-4369336+++UE4+Release-4.20
LogInit: Compatible Engine Version: 4.20.0-4212847+++UE4+Release-4.20
LogInit: Net CL: 4212847
LogInit: OS: Windows 10 (), CPU:        Intel(R) Core(TM) i5-3570K CPU @ 3.40GHz, GPU: NVIDIA GeForce GTX 1070
LogInit: Compiled (64-bit): Sep 17 2018 12:26:19
LogInit: Compiled with Visual C++: 19.13.26129.00
LogInit: Build Configuration: Development
LogInit: Branch Name: ++UE4+Release-4.20
LogInit: Command Line:  
LogInit: Base Directory: F:/Program Files/UE_4.20/Engine/Binaries/Win64/
LogInit: Installed Engine Build: 1
LogDevObjectVersion: Number of dev versions registered: 20
LogDevObjectVersion:   Dev-Blueprints (B0D832E4-1F89-4F0D-ACCF-7EB736FD4AA2): 10
LogDevObjectVersion:   Dev-Build (E1C64328-A22C-4D53-A36C-8E866417BD8C): 0
LogDevObjectVersion:   Dev-Core (375EC13C-06E4-48FB-B500-84F0262A717E): 2
LogDevObjectVersion:   Dev-Editor (E4B068ED-F494-42E9-A231-DA0B2E46BB41): 24
LogDevObjectVersion:   Dev-Framework (CFFC743F-43B0-4480-9391-14DF171D2073): 34
LogDevObjectVersion:   Dev-Mobile (B02B49B5-BB20-44E9-A304-32B752E40360): 2
LogDevObjectVersion:   Dev-Networking (A4E4105C-59A1-49B5-A7C5-40C4547EDFEE): 0
LogDevObjectVersion:   Dev-Online (39C831C9-5AE6-47DC-9A44-9C173E1C8E7C): 0
LogDevObjectVersion:   Dev-Physics (78F01B33-EBEA-4F98-B9B4-84EACCB95AA2): 0
LogDevObjectVersion:   Dev-Platform (6631380F-2D4D-43E0-8009-CF276956A95A): 0
LogDevObjectVersion:   Dev-Rendering (12F88B9F-8875-4AFC-A67C-D90C383ABD29): 26
LogDevObjectVersion:   Dev-Sequencer (7B5AE74C-D270-4C10-A958-57980B212A5A): 9
LogDevObjectVersion:   Dev-VR (D7296918-1DD6-4BDD-9DE2-64A83CC13884): 2
LogDevObjectVersion:   Dev-LoadTimes (C2A15278-BFE7-4AFE-6C17-90FF531DF755): 1
LogDevObjectVersion:   Private-Geometry (6EACA3D4-40EC-4CC1-B786-8BED09428FC5): 3
LogDevObjectVersion:   Dev-AnimPhys (29E575DD-E0A3-4627-9D10-D276232CDCEA): 17
LogDevObjectVersion:   Dev-ReflectionCapture (6B266CEC-1EC7-4B8F-A30B-E4D90942FC07): 1
LogDevObjectVersion:   Dev-Automation (0DF73D61-A23F-47EA-B727-89E90C41499A): 1
LogDevObjectVersion:   FortniteMain (601D1886-AC64-4F84-AA16-D3DE0DEAC7D6): 12
LogDevObjectVersion:   Dev-Enterprise (9DFFBCD6-494F-0158-E221-12823C92A888): 1
LogStreaming: Display: Took  0.001s to delete old logs.
LogInit: Presizing for max 8388607 objects, including 0 objects not considered by GC, pre-allocating 0 bytes for permanent pool.
LogInit: Object subsystem initialized
[2018.11.10-23.08.12:926][  0]LogInit: Selected Device Profile: [Windows]
[2018.11.10-23.08.12:926][  0]LogInit: Applying CVar settings loaded from the selected device profile: [Windows]
[2018.11.10-23.08.12:937][  0]LogHAL: Display: Platform has ~ 16 GB [17127817216 / 17179869184 / 16], which maps to Larger [LargestMinGB=32, LargerMinGB=12, DefaultMinGB=8, SmallerMinGB=6, SmallestMinGB=0)
[2018.11.10-23.08.12:937][  0]LogInit: Setting Device Profile CVar: [[r.Vulkan.UseRealUBs:1]]
[2018.11.10-23.08.12:937][  0]LogInit: Going up to parent DeviceProfile []
[2018.11.10-23.08.12:938][  0]LogInit: Computer: DESKTOP-CDQOIPR
[2018.11.10-23.08.12:938][  0]LogInit: User: wheez
[2018.11.10-23.08.12:938][  0]LogInit: CPU Page size=4096, Cores=4
[2018.11.10-23.08.12:938][  0]LogInit: High frequency timer resolution =3.320333 MHz
[2018.11.10-23.08.12:938][  0]LogMemory: Memory total: Physical=16.0GB (16GB approx)
[2018.11.10-23.08.12:938][  0]LogMemory: Platform Memory Stats for Windows
[2018.11.10-23.08.12:938][  0]LogMemory: Process Physical Memory: 100.67 MB used, 100.67 MB peak
[2018.11.10-23.08.12:938][  0]LogMemory: Process Virtual Memory: 84.29 MB used, 84.29 MB peak
[2018.11.10-23.08.12:938][  0]LogMemory: Physical Memory: 9239.04 MB used,  7095.32 MB free, 16334.36 MB total
[2018.11.10-23.08.12:938][  0]LogMemory: Virtual Memory: 4606.21 MB used,  7095.32 MB free, 134217728.00 MB total
[2018.11.10-23.08.12:966][  0]LogInit: Using OS detected language (en-GB).
[2018.11.10-23.08.12:966][  0]LogInit: Using OS detected locale (en-GB).
[2018.11.10-23.08.12:969][  0]LogTextLocalizationManager: No specific localization for 'en-GB' exists, so the 'en' localization will be used.
[2018.11.10-23.08.13:450][  0]LogStreaming: Display: Took  0.484s to InitEngineTextLocalization.
[2018.11.10-23.08.13:450][  0]LogInit: Setting process to per monitor DPI aware
[2018.11.10-23.08.13:485][  0]LogSlate: New Slate User Created.  User Index 0, Is Virtual User: 0
[2018.11.10-23.08.13:485][  0]LogSlate: Slate User Registered.  User Index 0, Is Virtual User: 0
[2018.11.10-23.08.13:954][  0]LogHMD: Failed to initialize OpenVR with code 126
[2018.11.10-23.08.13:954][  0]LogD3D11RHI: D3D11 adapters:
[2018.11.10-23.08.14:034][  0]LogD3D11RHI:    0. 'NVIDIA GeForce GTX 1070' (Feature Level 11_0)
[2018.11.10-23.08.14:034][  0]LogD3D11RHI:       8088/0/8167 MB DedicatedVideo/DedicatedSystem/SharedSystem, Outputs:2, VendorId:0x10de
[2018.11.10-23.08.14:036][  0]LogD3D11RHI:    1. 'Microsoft Basic Render Driver' (Feature Level 11_0)
[2018.11.10-23.08.14:036][  0]LogD3D11RHI:       0/0/8167 MB DedicatedVideo/DedicatedSystem/SharedSystem, Outputs:0, VendorId:0x1414
[2018.11.10-23.08.14:036][  0]LogD3D11RHI: Chosen D3D11 Adapter: 0
[2018.11.10-23.08.14:044][  0]LogD3D11RHI: Creating new Direct3DDevice
[2018.11.10-23.08.14:044][  0]LogD3D11RHI:     GPU DeviceId: 0x1b81 (for the marketing name, search the web for "GPU Device Id")
[2018.11.10-23.08.14:044][  0]LogWindows: EnumDisplayDevices:
[2018.11.10-23.08.14:044][  0]LogWindows:    0. 'NVIDIA GeForce GTX 1070' (P:0 D:1)
[2018.11.10-23.08.14:045][  0]LogWindows:    1. 'NVIDIA GeForce GTX 1070' (P:1 D:1)
[2018.11.10-23.08.14:045][  0]LogWindows:    2. 'NVIDIA GeForce GTX 1070' (P:0 D:0)
[2018.11.10-23.08.14:045][  0]LogWindows:    3. 'NVIDIA GeForce GTX 1070' (P:0 D:0)
[2018.11.10-23.08.14:045][  0]LogWindows: DebugString: FoundDriverCount:4 
[2018.11.10-23.08.14:045][  0]LogD3D11RHI:     Adapter Name: NVIDIA GeForce GTX 1070
[2018.11.10-23.08.14:045][  0]LogD3D11RHI:   Driver Version: 416.16 (internal:25.21.14.1616, unified:416.16)
[2018.11.10-23.08.14:045][  0]LogD3D11RHI:      Driver Date: 10-2-2018
[2018.11.10-23.08.14:045][  0]LogRHI: Texture pool is 5661 MB (70% of 8088 MB)
[2018.11.10-23.08.14:095][  0]LogD3D11RHI: Async texture creation enabled
[2018.11.10-23.08.14:118][  0]LogD3D11RHI: GPU Timing Frequency: 1000.000000 (Debug: 2 2)
[2018.11.10-23.08.14:169][  0]LogShaderCompilers: Guid format shader working directory is 0 characters bigger than the processId version (../../../../../GameDev/L5-S1-TGP-PAIR/TGPPair/Intermediate/Shaders/WorkingDirectory/19344/).
[2018.11.10-23.08.14:169][  0]LogShaderCompilers: Cleaned the shader compiler working directory 'C:/Users/wheez/AppData/Local/Temp/UnrealShaderWorkingDir/400AC892423EB330EB9552BF1BB12E72/'.
[2018.11.10-23.08.17:572][  0]LogTemp: Display: Loaded TP AllDesktopTargetPlatform
[2018.11.10-23.08.17:587][  0]LogTemp: Display: Loaded TP MacClientTargetPlatform
[2018.11.10-23.08.17:605][  0]LogTemp: Display: Loaded TP MacNoEditorTargetPlatform
[2018.11.10-23.08.17:625][  0]LogTemp: Display: Loaded TP MacServerTargetPlatform
[2018.11.10-23.08.17:649][  0]LogTemp: Display: Loaded TP MacTargetPlatform
[2018.11.10-23.08.17:669][  0]LogTemp: Display: Loaded TP WindowsClientTargetPlatform
[2018.11.10-23.08.17:691][  0]LogTemp: Display: Loaded TP WindowsNoEditorTargetPlatform
[2018.11.10-23.08.17:710][  0]LogTemp: Display: Loaded TP WindowsServerTargetPlatform
[2018.11.10-23.08.17:718][  0]LogTemp: Display: Loaded TP WindowsTargetPlatform
[2018.11.10-23.08.17:820][  0]LogTemp: Display: Loaded TP AndroidTargetPlatform
[2018.11.10-23.08.17:820][  0]LogTemp: Display: Loaded TP AndroidTargetPlatform
[2018.11.10-23.08.17:820][  0]LogTemp: Display: Loaded TP AndroidTargetPlatform
[2018.11.10-23.08.17:820][  0]LogTemp: Display: Loaded TP AndroidTargetPlatform
[2018.11.10-23.08.17:820][  0]LogTemp: Display: Loaded TP AndroidTargetPlatform
[2018.11.10-23.08.17:820][  0]LogTemp: Display: Loaded TP AndroidTargetPlatform
[2018.11.10-23.08.17:820][  0]LogTemp: Display: Loaded TP AndroidTargetPlatform
[2018.11.10-23.08.17:820][  0]LogTemp: Display: Loaded TP AndroidTargetPlatform
[2018.11.10-23.08.17:820][  0]LogTemp: Display: Loaded TP AndroidTargetPlatform
[2018.11.10-23.08.17:820][  0]LogTemp: Display: Loaded TP AndroidTargetPlatform
[2018.11.10-23.08.17:820][  0]LogTemp: Display: Loaded TP AndroidTargetPlatform
[2018.11.10-23.08.17:820][  0]LogTemp: Display: Loaded TP AndroidTargetPlatform
[2018.11.10-23.08.17:820][  0]LogTemp: Display: Loaded TP AndroidTargetPlatform
[2018.11.10-23.08.17:820][  0]LogTemp: Display: Loaded TP AndroidTargetPlatform
[2018.11.10-23.08.17:820][  0]LogTemp: Display: Loaded TP AndroidTargetPlatform
[2018.11.10-23.08.17:820][  0]LogTemp: Display: Loaded TP AndroidTargetPlatform
[2018.11.10-23.08.17:820][  0]LogTemp: Display: Loaded TP AndroidTargetPlatform
[2018.11.10-23.08.17:820][  0]LogTemp: Display: Loaded TP AndroidTargetPlatform
[2018.11.10-23.08.17:823][  0]LogTemp: Display: Loaded TP HTML5TargetPlatform
[2018.11.10-23.08.18:011][  0]LogTemp: Display: Loaded TP IOSTargetPlatform
[2018.11.10-23.08.18:011][  0]LogTemp: Display: Loaded TP IOSTargetPlatform
[2018.11.10-23.08.18:041][  0]LogTemp: Display: Loaded TP TVOSTargetPlatform
[2018.11.10-23.08.18:041][  0]LogTemp: Display: Loaded TP TVOSTargetPlatform
[2018.11.10-23.08.18:059][  0]LogTemp: Display: Loaded TP LinuxClientTargetPlatform
[2018.11.10-23.08.18:075][  0]LogTemp: Display: Loaded TP LinuxNoEditorTargetPlatform
[2018.11.10-23.08.18:094][  0]LogTemp: Display: Loaded TP LinuxServerTargetPlatform
[2018.11.10-23.08.18:113][  0]LogTemp: Display: Loaded TP LinuxTargetPlatform
[2018.11.10-23.08.18:126][  0]LogTemp: Display: Loaded TP LuminTargetPlatform
[2018.11.10-23.08.18:126][  0]LogTargetPlatformManager: Display: Building Assets For Windows
[2018.11.10-23.08.18:195][  0]LogXGEController: Cleaning working directory: C:/Users/wheez/AppData/Local/Temp/UnrealXGEWorkingDir/
[2018.11.10-23.08.18:195][  0]LogXGEController: Cannot use XGE Controller as Incredibuild is not installed on this machine.
[2018.11.10-23.08.18:195][  0]LogShaderCompilers: Cannot use XGE Shader Compiler as Incredibuild is not installed on this machine.
[2018.11.10-23.08.18:195][  0]LogShaderCompilers: Display: Using Local Shader Compiler.
[2018.11.10-23.08.19:333][  0]LogDerivedDataCache: Display: Max Cache Size: 512 MB
[2018.11.10-23.08.19:426][  0]LogDerivedDataCache: Loaded boot cache 0.09s 82MB C:/Users/wheez/AppData/Local/UnrealEngine/4.20/DerivedDataCache/Boot.ddc.
[2018.11.10-23.08.19:427][  0]LogDerivedDataCache: Display: Loaded Boot cache: C:/Users/wheez/AppData/Local/UnrealEngine/4.20/DerivedDataCache/Boot.ddc
[2018.11.10-23.08.19:427][  0]LogDerivedDataCache: FDerivedDataBackendGraph:  Pak pak cache file ../../../../../GameDev/L5-S1-TGP-PAIR/TGPPair/DerivedDataCache/DDC.ddp not found, will not use a pak cache.
[2018.11.10-23.08.19:427][  0]LogDerivedDataCache: Unable to find inner node Pak for hierarchical cache Hierarchy.
[2018.11.10-23.08.19:427][  0]LogDerivedDataCache: FDerivedDataBackendGraph:  CompressedPak pak cache file ../../../../../GameDev/L5-S1-TGP-PAIR/TGPPair/DerivedDataCache/Compressed.ddp not found, will not use a pak cache.
[2018.11.10-23.08.19:427][  0]LogDerivedDataCache: Unable to find inner node CompressedPak for hierarchical cache Hierarchy.
[2018.11.10-23.08.19:445][  0]LogDerivedDataCache: Display: Pak cache opened for reading ../../../Engine/DerivedDataCache/Compressed.ddp.
[2018.11.10-23.08.19:467][  0]LogDerivedDataCache: Using Local data cache path C:/Users/wheez/AppData/Local/UnrealEngine/Common/DerivedDataCache: Writable
[2018.11.10-23.08.19:467][  0]LogDerivedDataCache: Shared data cache path not found in *engine.ini, will not use an Shared cache.
[2018.11.10-23.08.19:467][  0]LogDerivedDataCache: Unable to find inner node Shared for hierarchical cache Hierarchy.
[2018.11.10-23.08.19:489][  0]LogMaterial: Verifying Global Shaders for PCD3D_SM5
[2018.11.10-23.08.19:493][  0]LogSlate: Using FreeType 2.6.0
[2018.11.10-23.08.19:494][  0]LogSlate: SlateFontServices - WITH_FREETYPE: 1, WITH_HARFBUZZ: 1
[2018.11.10-23.08.19:685][  0]LogAssetRegistry: FAssetRegistry took 0.0755 seconds to start up
[2018.11.10-23.08.20:179][  0]LogInit: Selected Device Profile: [Windows]
[2018.11.10-23.08.20:262][  0]LogSimplygon: Simplygon DLL not present - disabling.
[2018.11.10-23.08.20:267][  0]LogMeshReduction: Using SimplygonSwarm for distributed automatic mesh merging
[2018.11.10-23.08.20:267][  0]LogMeshReduction: Using ProxyLODMeshReduction for automatic mesh merging
[2018.11.10-23.08.20:267][  0]LogMeshReduction: Using QuadricMeshReduction for automatic static mesh reduction
[2018.11.10-23.08.20:267][  0]LogMeshReduction: No automatic skeletal mesh reduction module available
[2018.11.10-23.08.20:401][  0]LogNetVersion: TGPPair 1.0.0, NetCL: 4212847, EngineNetVer: 5, GameNetVer: 0 (Checksum: 667249615)
[2018.11.10-23.08.21:250][  0]LogPackageLocalizationCache: Processed 11 localized package path(s) for 2 prioritized culture(s) in 0.170142 seconds
[2018.11.10-23.08.21:259][  0]LogUObjectArray: 38425 objects as part of root set at end of initial load.
[2018.11.10-23.08.21:259][  0]LogUObjectAllocator: 6690864 out of 0 bytes used by permanent object pool.
[2018.11.10-23.08.21:259][  0]LogUObjectArray: CloseDisregardForGC: 0/0 objects in disregard for GC pool
[2018.11.10-23.08.22:918][  0]LogTcpMessaging: Initializing TcpMessaging bridge
[2018.11.10-23.08.22:988][  0]LogUdpMessaging: Initializing bridge on interface 0.0.0.0:0 to multicast group 230.0.0.1:6666.
[2018.11.10-23.08.23:403][  0]LogLinker: Warning: Can't find file '/Game/TopDownCPP/Blueprints/M_Cursor_Decal'
[2018.11.10-23.08.23:404][  0]LogLinker: Warning: Can't find file '/Game/TopDownCPP/Blueprints/M_Cursor_Decal'
[2018.11.10-23.08.23:404][  0]LogUObjectGlobals: Warning: Failed to find object 'Material /Game/TopDownCPP/Blueprints/M_Cursor_Decal.M_Cursor_Decal'
[2018.11.10-23.08.23:416][  0]Error: CDO Constructor (TGPPairCharacter): Failed to find Material'/Game/TopDownCPP/Blueprints/M_Cursor_Decal.M_Cursor_Decal'

[2018.11.10-23.08.23:431][  0]LogLinker: Warning: Can't find file '/Game/TopDownCPP/Blueprints/TopDownCharacter'
[2018.11.10-23.08.23:431][  0]LogLinker: Warning: Can't find file '/Game/TopDownCPP/Blueprints/TopDownCharacter'
[2018.11.10-23.08.23:431][  0]LogUObjectGlobals: Warning: Failed to find object 'Class /Game/TopDownCPP/Blueprints/TopDownCharacter.TopDownCharacter_C'
[2018.11.10-23.08.23:431][  0]Error: CDO Constructor (TGPPairGameMode): Failed to find /Game/TopDownCPP/Blueprints/TopDownCharacter.TopDownCharacter_C

[2018.11.10-23.08.23:473][  0]LogUObjectBase: Warning: -------------- Default Property warnings and errors:
[2018.11.10-23.08.23:473][  0]LogUObjectBase: Warning: Error: CDO Constructor (TGPPairCharacter): Failed to find Material'/Game/TopDownCPP/Blueprints/M_Cursor_Decal.M_Cursor_Decal'

[2018.11.10-23.08.23:473][  0]LogUObjectBase: Warning: Error: CDO Constructor (TGPPairGameMode): Failed to find /Game/TopDownCPP/Blueprints/TopDownCharacter.TopDownCharacter_C

[2018.11.10-23.08.23:552][  0]LogWindowsTextInputMethodSystem: Display: IME system now deactivated.
[2018.11.10-23.08.26:920][  0]LogWindowsTextInputMethodSystem: Display: IME system now deactivated.
[2018.11.10-23.08.26:921][  0]LogWindowsTextInputMethodSystem: Display: IME system now deactivated.
[2018.11.10-23.08.27:924][  0]SourceControl: Source control is disabled
[2018.11.10-23.08.27:935][  0]SourceControl: Source control is disabled
[2018.11.10-23.08.27:990][  0]SourceControl: Source control is disabled
[2018.11.10-23.08.28:017][  0]SourceControl: Source control is disabled
[2018.11.10-23.08.30:746][  0]LogAndroidPermission: UAndroidPermissionCallbackProxy::GetInstance
[2018.11.10-23.08.31:392][  0]LogOcInput: OculusInput pre-init called
[2018.11.10-23.08.32:429][  0]LogEngine: Initializing Engine...
[2018.11.10-23.08.32:559][  0]LogHMD: Failed to initialize OpenVR with code 126
[2018.11.10-23.08.32:624][  0]LogStats: UGameplayTagsManager::ConstructGameplayTagTree: ImportINI prefixes -  0.021 s
[2018.11.10-23.08.32:624][  0]LogStats: UGameplayTagsManager::ConstructGameplayTagTree: Construct from data asset -  0.000 s
[2018.11.10-23.08.32:625][  0]LogStats: UGameplayTagsManager::ConstructGameplayTagTree: ImportINI -  0.001 s
[2018.11.10-23.08.32:625][  0]LogStats: UGameplayTagsManager::ConstructGameplayTagTree: GameplayTagTreeChangedEvent.Broadcast -  0.000 s
[2018.11.10-23.08.33:361][  0]LogInit: Initializing FReadOnlyCVARCache
[2018.11.10-23.08.34:155][  0]LogAIModule: Creating AISystem for world Untitled
[2018.11.10-23.08.34:994][  0]LogInit: XAudio2 using 'Speakers (VIA HD Audio(Win 10))' : 2 channels at 44.1 kHz using 32 bits per sample (channel mask 0x3)
[2018.11.10-23.08.35:189][  0]LogInit: FAudioDevice initialized.
[2018.11.10-23.08.35:216][  0]LogNetVersion: Set ProjectVersion to 1.0.0.0. Version Checksum will be recalculated on next use.
[2018.11.10-23.08.35:338][  0]LogDerivedDataCache: Saved boot cache 0.12s 85MB C:/Users/wheez/AppData/Local/UnrealEngine/4.20/DerivedDataCache/Boot.ddc.
[2018.11.10-23.08.35:338][  0]LogInit: Texture streaming: Enabled
[2018.11.10-23.08.35:630][  0]LogEngineSessionManager: EngineSessionManager initialized
[2018.11.10-23.08.35:942][  0]LogInit: Transaction tracking system initialized
[2018.11.10-23.08.36:692][  0]BlueprintLog: New page: Editor Load
[2018.11.10-23.08.39:133][  0]LocalizationService: Localization service is disabled
[2018.11.10-23.08.44:065][  0]LogFileCache: Scanning file cache for directory 'F:/GameDev/L5-S1-TGP-PAIR/TGPPair/Content/' took 0.03s
[2018.11.10-23.08.44:065][  0]LogCook: Display: Max memory allowance for cook 16384mb min free memory 0mb
[2018.11.10-23.08.44:065][  0]LogCook: Display: Mobile HDR setting 1
[2018.11.10-23.08.44:065][  0]LogGameplayTags: Display: UGameplayTagsManager::DoneAddingNativeTags. DelegateIsBound: 0
[2018.11.10-23.08.44:065][  0]LogStats: UGameplayTagsManager::ConstructGameplayTagTree: ImportINI prefixes -  0.000 s
[2018.11.10-23.08.44:065][  0]LogStats: UGameplayTagsManager::ConstructGameplayTagTree: Construct from data asset -  0.000 s
[2018.11.10-23.08.44:066][  0]LogStats: UGameplayTagsManager::ConstructGameplayTagTree: ImportINI -  0.000 s
[2018.11.10-23.08.44:066][  0]LogStats: UGameplayTagsManager::ConstructGameplayTagTree: GameplayTagTreeChangedEvent.Broadcast -  0.000 s
[2018.11.10-23.08.46:659][  0]SourceControl: Source control is disabled
[2018.11.10-23.08.46:689][  0]Cmd: MAP LOAD FILE="../../../../../GameDev/L5-S1-TGP-PAIR/TGPPair/Content/TopDownCPP/Maps/TopDownExampleMap.umap" TEMPLATE=0 SHOWPROGRESS=1 FEATURELEVEL=3
[2018.11.10-23.08.46:696][  0]LogEditorServer: Warning: Can't find file '../../../../../GameDev/L5-S1-TGP-PAIR/TGPPair/Content/TopDownCPP/Maps/TopDownExampleMap.umap'
[2018.11.10-23.08.46:731][  0]Cmd: MAP CHECKDEP NOCLEARLOG
[2018.11.10-23.08.46:869][  0]MapCheck: Map check complete: 0 Error(s), 0 Warning(s), took 137.828ms to complete.
[2018.11.10-23.08.46:869][  0]LogFileHelpers: Loading map 'TopDownExampleMap' took 0.199
[2018.11.10-23.08.49:029][  0]LogSlate: Updating window title bar state: overlay mode, drag disabled, window buttons hidden, title bar hidden
[2018.11.10-23.08.49:040][  0]LogSlate: Updating window title bar state: overlay mode, drag disabled, window buttons hidden, title bar hidden
[2018.11.10-23.08.49:049][  0]LogSlate: Updating window title bar state: overlay mode, drag disabled, window buttons hidden, title bar hidden
[2018.11.10-23.08.49:058][  0]LogSlate: Updating window title bar state: overlay mode, drag disabled, window buttons hidden, title bar hidden
[2018.11.10-23.08.49:229][  0]LogCollectionManager: Loaded 0 collections in 0.001687 seconds
[2018.11.10-23.08.49:381][  0]LogFileCache: Scanning file cache for directory 'F:/GameDev/L5-S1-TGP-PAIR/TGPPair/Saved/Collections/' took 0.01s
[2018.11.10-23.08.49:381][  0]LogFileCache: Scanning file cache for directory 'F:/GameDev/L5-S1-TGP-PAIR/TGPPair/Content/Developers/wheez/Collections/' took 0.01s
[2018.11.10-23.08.49:381][  0]LogFileCache: Scanning file cache for directory 'F:/GameDev/L5-S1-TGP-PAIR/TGPPair/Content/Collections/' took 0.01s
[2018.11.10-23.08.49:381][  0]LogCollectionManager: Rebuilt the GUID cache for 0 collections in 0.000001 seconds
[2018.11.10-23.08.49:414][  0]LogContentBrowser: Native class hierarchy populated in 0.0314 seconds. Added 2575 classes and 605 folders.
[2018.11.10-23.08.49:598][  0]LogContentBrowser: Native class hierarchy updated for 'WidgetCarousel' in 0.0006 seconds. Added 0 classes and 0 folders.
[2018.11.10-23.08.51:209][  0]LogContentBrowser: Native class hierarchy updated for 'AddContentDialog' in 0.0007 seconds. Added 0 classes and 0 folders.
[2018.11.10-23.08.51:285][  0]LogContentBrowser: Native class hierarchy updated for 'SceneOutliner' in 0.0006 seconds. Added 1 classes and 2 folders.
[2018.11.10-23.08.52:787][  0]LogSlate: Took 0.039420 seconds to synchronously load lazily loaded font '../../../Engine/Content/Slate/Fonts/Roboto-Regular.ttf' (155K)
[2018.11.10-23.08.52:842][  0]LogSlate: Took 0.051489 seconds to synchronously load lazily loaded font '../../../Engine/Content/Slate/Fonts/Roboto-Bold.ttf' (160K)
[2018.11.10-23.08.53:197][  0]LogSlate: Took 0.066230 seconds to synchronously load lazily loaded font '../../../Engine/Content/Editor/Slate/Fonts/FontAwesome.ttf' (139K)
[2018.11.10-23.08.53:241][  0]LogSlate: Took 0.025669 seconds to synchronously load lazily loaded font '../../../Engine/Content/Slate/Fonts/DroidSansMono.ttf' (77K)
[2018.11.10-23.08.54:476][  0]LogRenderer: Reallocating scene render targets to support 1196x596 Format 9 NumSamples 1 (Frame:1).
[2018.11.10-23.08.56:164][  0]LogContentBrowser: Native class hierarchy updated for 'HierarchicalLODOutliner' in 0.0007 seconds. Added 0 classes and 0 folders.
[2018.11.10-23.08.56:164][  0]LogLoad: (Engine Initialization) Total time: 47.46 seconds
[2018.11.10-23.08.56:164][  0]LogLoad: (Engine Initialization) Total Blueprint compile time: 0.00 seconds
[2018.11.10-23.08.56:869][  0]LogContentStreaming: Texture pool size now 800 MB
[2018.11.10-23.08.58:023][  2]LogSlate: Took 0.096724 seconds to synchronously load lazily loaded font '../../../Engine/Content/Slate/Fonts/Roboto-Light.ttf' (167K)
[2018.11.10-23.08.58:173][  5]LogAssetRegistry: Asset discovery search completed in 38.5583 seconds
[2018.11.10-23.08.58:202][  5]LogCollectionManager: Rebuilt the object cache for 0 collections in 0.000000 seconds (found 0 objects)
[2018.11.10-23.08.58:202][  5]LogCollectionManager: Fixed up redirectors for 0 collections in 0.011507 seconds (updated 0 objects)
[2018.11.10-23.09.00:630][  6]LogSlate: FSceneViewport::OnFocusLost() reason 2
[2018.11.10-23.09.01:741][ 45]LogSlate: FSceneViewport::OnFocusLost() reason 2
[2018.11.10-23.09.01:772][ 45]LogDirectoryWatcher: Warning: Failed to begin reading directory changes for ../../../../../GameDev/L5-S1-TGP-PAIR/TGPPair/Plugins/. Error: The system cannot find the file specified. (0x00000002)
[2018.11.10-23.09.15:327][220]LogSlate: FSceneViewport::OnFocusLost() reason 0
[2018.11.10-23.09.20:937][327]Cmd: CLOSE_SLATE_MAINFRAME
[2018.11.10-23.09.22:256][327]LogSlate: Window 'Plugins' being destroyed
[2018.11.10-23.09.22:269][327]LogDirectoryWatcher: A directory notification for '../../../Engine/Plugins/' was aborted.
[2018.11.10-23.09.22:311][327]LogSlate: Window 'TGPPair - Unreal Editor' being destroyed
[2018.11.10-23.09.22:311][327]LogWindowsTextInputMethodSystem: Display: IME system now deactivated.
[2018.11.10-23.09.26:663][328]Cmd: QUIT_EDITOR
[2018.11.10-23.09.41:488][328]LogExit: Preparing to exit.
[2018.11.10-23.09.54:752][328]LogExit: Editor shut down
[2018.11.10-23.09.54:926][328]LogExit: Transaction tracking system shut down
[2018.11.10-23.09.57:297][328]LogExit: Object subsystem successfully closed.
[2018.11.10-23.09.57:333][328]LogShaderCompilers: Display: Shaders left to compile 0
[2018.11.10-23.09.57:339][328]LogD3D11RHI: Shutdown
[2018.11.10-23.09.57:339][328]LogD3D11RHI: CleanupD3DDevice
[2018.11.10-23.09.57:478][328]LogD3D11RHI: ~FD3D11DynamicRHI
[2018.11.10-23.09.58:540][328]LogModuleManager: Shutting down and abandoning module HierarchicalLODOutliner (610)
[2018.11.10-23.09.58:540][328]LogModuleManager: Shutting down and abandoning module SceneOutliner (608)
[2018.11.10-23.09.58:575][328]LogModuleManager: Shutting down and abandoning module AddContentDialog (606)
[2018.11.10-23.09.58:577][328]LogModuleManager: Shutting down and abandoning module WidgetCarousel (605)
[2018.11.10-23.09.58:577][328]LogModuleManager: Shutting down and abandoning module EditorWidgets (602)
[2018.11.10-23.09.58:577][328]LogModuleManager: Shutting down and abandoning module CollectionManager (600)
[2018.11.10-23.09.58:602][328]LogModuleManager: Shutting down and abandoning module FoliageEdit (598)
[2018.11.10-23.09.58:619][328]LogModuleManager: Shutting down and abandoning module LandscapeEditor (596)
[2018.11.10-23.09.58:656][328]LogModuleManager: Shutting down and abandoning module MeshPaintMode (594)
[2018.11.10-23.09.58:671][328]LogModuleManager: Shutting down and abandoning module SceneDepthPickerMode (592)
[2018.11.10-23.09.58:671][328]LogModuleManager: Shutting down and abandoning module ActorPickerMode (590)
[2018.11.10-23.09.58:671][328]LogModuleManager: Shutting down and abandoning module GeometryMode (588)
[2018.11.10-23.09.58:671][328]LogModuleManager: Shutting down and abandoning module TextureAlignMode (586)
[2018.11.10-23.09.58:671][328]LogModuleManager: Shutting down and abandoning module BspMode (584)
[2018.11.10-23.09.58:693][328]LogModuleManager: Shutting down and abandoning module PIEPreviewDeviceProfileSelector (582)
[2018.11.10-23.09.58:694][328]LogModuleManager: Shutting down and abandoning module SequenceRecorderSections (580)
[2018.11.10-23.09.58:714][328]LogModuleManager: Shutting down and abandoning module AutomationWorker (578)
[2018.11.10-23.09.58:714][328]LogModuleManager: Shutting down and abandoning module AudioCaptureEditor (576)
[2018.11.10-23.09.58:714][328]LogModuleManager: Shutting down and abandoning module SequenceRecorder (575)
[2018.11.10-23.09.58:726][328]LogModuleManager: Shutting down and abandoning module MatineeToLevelSequence (572)
[2018.11.10-23.09.58:727][328]LogModuleManager: Shutting down and abandoning module LevelSequenceEditor (570)
[2018.11.10-23.09.58:737][328]LogModuleManager: Shutting down and abandoning module PlacementMode (569)
[2018.11.10-23.09.58:737][328]LogModuleManager: Shutting down and abandoning module MaterialEditor (568)
[2018.11.10-23.09.58:811][328]LogModuleManager: Shutting down and abandoning module WmfMediaFactory (564)
[2018.11.10-23.09.58:811][328]LogModuleManager: Shutting down and abandoning module WmfMediaEditor (562)
[2018.11.10-23.09.58:811][328]LogModuleManager: Shutting down and abandoning module MediaPlayerEditor (560)
[2018.11.10-23.09.58:854][328]LogModuleManager: Shutting down and abandoning module OpenExrWrapper (558)
[2018.11.10-23.09.58:854][328]LogModuleManager: Shutting down and abandoning module ImgMediaFactory (556)
[2018.11.10-23.09.58:854][328]LogModuleManager: Shutting down and abandoning module ImgMediaEditor (554)
[2018.11.10-23.09.58:855][328]LogModuleManager: Shutting down and abandoning module AvfMediaFactory (552)
[2018.11.10-23.09.58:855][328]LogModuleManager: Shutting down and abandoning module AvfMediaEditor (550)
[2018.11.10-23.09.58:855][328]LogModuleManager: Shutting down and abandoning module AndroidMediaFactory (548)
[2018.11.10-23.09.58:855][328]LogModuleManager: Shutting down and abandoning module AndroidMediaEditor (546)
[2018.11.10-23.09.58:855][328]LogModuleManager: Shutting down and abandoning module MagicLeapCameraPreviewFactory (544)
[2018.11.10-23.09.58:855][328]LogModuleManager: Shutting down and abandoning module MagicLeapMediaFactory (542)
[2018.11.10-23.09.58:855][328]LogModuleManager: Shutting down and abandoning module MagicLeapMediaEditor (540)
[2018.11.10-23.09.58:855][328]LogModuleManager: Shutting down and abandoning module CharacterAI (538)
[2018.11.10-23.09.58:855][328]LogModuleManager: Shutting down and abandoning module SmartSnapping (536)
[2018.11.10-23.09.58:855][328]LogModuleManager: Shutting down and abandoning module SessionServices (534)
[2018.11.10-23.09.58:855][328]LogModuleManager: Shutting down and abandoning module ViewportSnapping (532)
[2018.11.10-23.09.58:855][328]LogModuleManager: Shutting down and abandoning module ViewportInteraction (530)
[2018.11.10-23.09.58:855][328]LogModuleManager: Shutting down and abandoning module ClothPainter (528)
[2018.11.10-23.09.58:938][328]LogModuleManager: Shutting down and abandoning module SkeletalMeshEditor (527)
[2018.11.10-23.09.58:990][328]LogModuleManager: Shutting down and abandoning module LogVisualizer (524)
[2018.11.10-23.09.59:039][328]LogModuleManager: Shutting down and abandoning module IntroTutorials (522)
[2018.11.10-23.09.59:057][328]LogModuleManager: Shutting down and abandoning module GameProjectGeneration (521)
[2018.11.10-23.09.59:077][328]LogModuleManager: Shutting down and abandoning module LuminPlatformEditor (518)
[2018.11.10-23.09.59:078][328]LogModuleManager: Shutting down and abandoning module IOSPlatformEditor (516)
[2018.11.10-23.09.59:093][328]LogModuleManager: Shutting down and abandoning module HTML5PlatformEditor (514)
[2018.11.10-23.09.59:093][328]LogModuleManager: Shutting down and abandoning module AndroidPlatformEditor (512)
[2018.11.10-23.09.59:093][328]LogModuleManager: Shutting down and abandoning module AndroidDeviceDetection (511)
[2018.11.10-23.09.59:787][328]LogModuleManager: Shutting down and abandoning module WindowsPlatformEditor (508)
[2018.11.10-23.09.59:787][328]LogModuleManager: Shutting down and abandoning module LuminRuntimeSettings (506)
[2018.11.10-23.09.59:787][328]LogModuleManager: Shutting down and abandoning module IOSRuntimeSettings (504)
[2018.11.10-23.09.59:787][328]LogModuleManager: Shutting down and abandoning module AndroidRuntimeSettings (502)
[2018.11.10-23.09.59:787][328]LogModuleManager: Shutting down and abandoning module InputBindingEditor (500)
[2018.11.10-23.09.59:826][328]LogModuleManager: Shutting down and abandoning module MergeActors (498)
[2018.11.10-23.09.59:885][328]LogModuleManager: Shutting down and abandoning module LocalizationDashboard (496)
[2018.11.10-23.09.59:901][328]LogModuleManager: Shutting down and abandoning module LocalizationService (495)
[2018.11.10-23.09.59:919][328]LogModuleManager: Shutting down and abandoning module HardwareTargeting (492)
[2018.11.10-23.09.59:919][328]LogModuleManager: Shutting down and abandoning module DeviceProfileEditor (490)
[2018.11.10-23.09.59:919][328]LogModuleManager: Shutting down and abandoning module UndoHistory (488)
[2018.11.10-23.09.59:957][328]LogModuleManager: Shutting down and abandoning module XmlParser (486)
[2018.11.10-23.09.59:957][328]LogModuleManager: Shutting down and abandoning module Blutility (484)
[2018.11.10-23.09.59:988][328]LogModuleManager: Shutting down and abandoning module ProjectSettingsViewer (482)
[2018.11.10-23.09.59:988][328]LogModuleManager: Shutting down and abandoning module ProjectTargetPlatformEditor (481)
[2018.11.10-23.09.59:988][328]LogModuleManager: Shutting down and abandoning module EditorSettingsViewer (478)
[2018.11.10-23.09.59:988][328]LogModuleManager: Shutting down and abandoning module SettingsEditor (476)
[2018.11.10-23.10.00:086][328]LogModuleManager: Shutting down and abandoning module ProjectLauncher (474)
[2018.11.10-23.10.00:100][328]LogModuleManager: Shutting down and abandoning module SessionFrontend (472)
[2018.11.10-23.10.00:111][328]LogModuleManager: Shutting down and abandoning module ProfilerClient (470)
[2018.11.10-23.10.00:135][328]LogModuleManager: Shutting down and abandoning module DeviceManager (468)
[2018.11.10-23.10.00:167][328]LogModuleManager: Shutting down and abandoning module TargetDeviceServices (467)
[2018.11.10-23.10.00:300][328]LogModuleManager: Shutting down and abandoning module AutomationController (464)
[2018.11.10-23.10.00:340][328]LogModuleManager: Shutting down and abandoning module AutomationWindow (462)
[2018.11.10-23.10.00:363][328]LogModuleManager: Shutting down and abandoning module Layers (460)
[2018.11.10-23.10.00:431][328]LogModuleManager: Shutting down and abandoning module ComponentVisualizers (458)
[2018.11.10-23.10.00:432][328]LogModuleManager: Shutting down and abandoning module DetailCustomizations (456)
[2018.11.10-23.10.00:495][328]LogModuleManager: Shutting down and abandoning module PackagesDialog (454)
[2018.11.10-23.10.00:569][328]LogModuleManager: Shutting down and abandoning module Persona (452)
[2018.11.10-23.10.00:691][328]LogModuleManager: Shutting down and abandoning module AdvancedPreviewScene (451)
[2018.11.10-23.10.00:695][328]LogModuleManager: Shutting down and abandoning module AnimGraph (449)
[2018.11.10-23.10.00:742][328]LogModuleManager: Shutting down and abandoning module Kismet (446)
[2018.11.10-23.10.00:797][328]LogModuleManager: Shutting down and abandoning module GraphEditor (444)
[2018.11.10-23.10.00:870][328]LogModuleManager: Shutting down and abandoning module ClassViewer (442)
[2018.11.10-23.10.00:870][328]LogModuleManager: Shutting down and abandoning module Toolbox (440)
[2018.11.10-23.10.00:870][328]LogModuleManager: Shutting down and abandoning module DesktopPlatform (439)
[2018.11.10-23.10.00:870][328]LogModuleManager: Shutting down and abandoning module ModuleUI (436)
[2018.11.10-23.10.00:889][328]LogModuleManager: Shutting down and abandoning module MovieSceneTools (434)
[2018.11.10-23.10.00:912][328]LogModuleManager: Shutting down and abandoning module OutputLog (432)
[2018.11.10-23.10.00:912][328]LogModuleManager: Shutting down and abandoning module GammaUI (430)
[2018.11.10-23.10.00:930][328]LogModuleManager: Shutting down and abandoning module Documentation (428)
[2018.11.10-23.10.00:930][328]LogModuleManager: Shutting down and abandoning module MovieSceneTracks (426)
[2018.11.10-23.10.00:964][328]LogModuleManager: Shutting down and abandoning module MovieScene (424)
[2018.11.10-23.10.00:978][328]LogModuleManager: Shutting down and abandoning module StreamingPauseRendering (422)
[2018.11.10-23.10.00:994][328]LogModuleManager: Shutting down and abandoning module LauncherPlatform (420)
[2018.11.10-23.10.00:998][328]LogModuleManager: Shutting down and abandoning module AnalyticsET (418)
[2018.11.10-23.10.00:998][328]LogModuleManager: Shutting down and abandoning module PortalServices (416)
[2018.11.10-23.10.00:998][328]LogModuleManager: Shutting down and abandoning module PortalRpc (414)
[2018.11.10-23.10.00:998][328]LogModuleManager: Shutting down and abandoning module MessagingRpc (412)
[2018.11.10-23.10.00:998][328]LogModuleManager: Shutting down and abandoning module AIModule (410)
[2018.11.10-23.10.01:052][328]LogModuleManager: Shutting down and abandoning module GameplayDebugger (409)
[2018.11.10-23.10.01:052][328]LogModuleManager: Shutting down and abandoning module AITestSuite (407)
[2018.11.10-23.10.01:091][328]LogModuleManager: Shutting down and abandoning module NavigationSystem (405)
[2018.11.10-23.10.01:109][328]LogModuleManager: Shutting down and abandoning module ProfilerService (402)
[2018.11.10-23.10.01:306][328]LogModuleManager: Shutting down and abandoning module TaskGraph (400)
[2018.11.10-23.10.01:367][328]LogModuleManager: Shutting down and abandoning module SteamVRController (398)
[2018.11.10-23.10.01:367][328]LogModuleManager: Shutting down and abandoning module ProceduralMeshComponentEditor (396)
[2018.11.10-23.10.01:367][328]LogModuleManager: Shutting down and abandoning module ProceduralMeshComponent (394)
[2018.11.10-23.10.01:381][328]LogModuleManager: Shutting down and abandoning module OculusInput (392)
[2018.11.10-23.10.01:385][328]LogModuleManager: Shutting down and abandoning module MobilePatchingUtils (390)
[2018.11.10-23.10.01:385][328]LogModuleManager: Shutting down and abandoning module EditableMesh (388)
[2018.11.10-23.10.01:395][328]LogModuleManager: Shutting down and abandoning module CustomMeshComponent (386)
[2018.11.10-23.10.01:395][328]LogModuleManager: Shutting down and abandoning module CableComponent (384)
[2018.11.10-23.10.01:395][328]LogModuleManager: Shutting down and abandoning module AudioCapture (382)
[2018.11.10-23.10.01:395][328]LogModuleManager: Shutting down and abandoning module ArchVisCharacter (380)
[2018.11.10-23.10.01:395][328]LogModuleManager: Shutting down and abandoning module AndroidPermission (378)
[2018.11.10-23.10.01:395][328]LogModuleManager: Shutting down and abandoning module NUTUnrealEngine4 (376)
[2018.11.10-23.10.01:395][328]LogModuleManager: Shutting down and abandoning module NetcodeUnitTest (374)
[2018.11.10-23.10.01:466][328]LogModuleManager: Shutting down and abandoning module MediaCompositingEditor (372)
[2018.11.10-23.10.01:466][328]LogModuleManager: Shutting down and abandoning module MediaCompositing (370)
[2018.11.10-23.10.01:466][328]LogModuleManager: Shutting down and abandoning module LinearTimecode (368)
[2018.11.10-23.10.01:466][328]LogModuleManager: Shutting down and abandoning module ImgMedia (366)
[2018.11.10-23.10.01:491][328]LogModuleManager: Shutting down and abandoning module HTML5Networking (364)
[2018.11.10-23.10.01:491][328]LogModuleManager: Shutting down and abandoning module GeometryCacheTracks (362)
[2018.11.10-23.10.01:491][328]LogModuleManager: Shutting down and abandoning module GeometryCacheSequencer (360)
[2018.11.10-23.10.01:491][328]LogModuleManager: Shutting down and abandoning module BackChannel (358)
[2018.11.10-23.10.01:526][328]LogModuleManager: Shutting down and abandoning module AppleVision (356)
[2018.11.10-23.10.01:526][328]LogModuleManager: Shutting down and abandoning module AppleImageUtils (354)
[2018.11.10-23.10.01:526][328]LogModuleManager: Shutting down and abandoning module AlembicImporter (352)
[2018.11.10-23.10.01:526][328]LogModuleManager: Shutting down and abandoning module AlembicLibrary (351)
[2018.11.10-23.10.01:526][328]LogModuleManager: Shutting down and abandoning module GeometryCache (350)
[2018.11.10-23.10.01:526][328]LogModuleManager: Shutting down and abandoning module GeometryCacheEd (349)
[2018.11.10-23.10.01:526][328]LogModuleManager: Shutting down and abandoning module DatasmithContentEditor (344)
[2018.11.10-23.10.01:540][328]LogModuleManager: Shutting down and abandoning module DatasmithContent (342)
[2018.11.10-23.10.01:869][328]LogModuleManager: Shutting down and abandoning module SpeedTreeImporter (340)
[2018.11.10-23.10.01:872][328]LogModuleManager: Shutting down and abandoning module PluginBrowser (338)
[2018.11.10-23.10.01:872][328]LogModuleManager: Shutting down and abandoning module MobileLauncherProfileWizard (336)
[2018.11.10-23.10.01:923][328]LogModuleManager: Shutting down and abandoning module PolygonModeling (334)
[2018.11.10-23.10.01:923][328]LogModuleManager: Shutting down and abandoning module MeshEditor (332)
[2018.11.10-23.10.01:940][328]LogModuleManager: Shutting down and abandoning module CryptoKeysOpenSSL (330)
[2018.11.10-23.10.01:955][328]LogModuleManager: Shutting down and abandoning module CryptoKeys (328)
[2018.11.10-23.10.01:955][328]LogModuleManager: Shutting down and abandoning module VisualStudioSourceCodeAccess (326)
[2018.11.10-23.10.01:955][328]LogModuleManager: Shutting down and abandoning module VisualStudioCodeSourceCodeAccess (324)
[2018.11.10-23.10.01:955][328]LogModuleManager: Shutting down and abandoning module UObjectPlugin (322)
[2018.11.10-23.10.01:955][328]LogModuleManager: Shutting down and abandoning module SubversionSourceControl (320)
[2018.11.10-23.10.01:988][328]LogModuleManager: Shutting down and abandoning module PerforceSourceControl (318)
[2018.11.10-23.10.02:024][328]LogModuleManager: Shutting down and abandoning module GitSourceControl (316)
[2018.11.10-23.10.02:057][328]LogModuleManager: Shutting down and abandoning module SourceControl (315)
[2018.11.10-23.10.02:057][328]LogModuleManager: Shutting down and abandoning module CLionSourceCodeAccess (312)
[2018.11.10-23.10.02:057][328]LogModuleManager: Shutting down and abandoning module LightPropagationVolumeEditor (310)
[2018.11.10-23.10.02:057][328]LogModuleManager: Shutting down and abandoning module PaperTiledImporter (308)
[2018.11.10-23.10.02:057][328]LogModuleManager: Shutting down and abandoning module PaperSpriteSheetImporter (306)
[2018.11.10-23.10.02:057][328]LogModuleManager: Shutting down and abandoning module Paper2DEditor (304)
[2018.11.10-23.10.02:089][328]LogModuleManager: Shutting down and abandoning module MeshPaint (303)
[2018.11.10-23.10.02:098][328]LogModuleManager: Shutting down and abandoning module TGPPair (300)
[2018.11.10-23.10.02:098][328]LogModuleManager: Shutting down and abandoning module RuntimePhysXCooking (298)
[2018.11.10-23.10.02:098][328]LogModuleManager: Shutting down and abandoning module PhysXVehiclesEditor (296)
[2018.11.10-23.10.02:098][328]LogModuleManager: Shutting down and abandoning module PhysXVehicles (294)
[2018.11.10-23.10.02:098][328]LogModuleManager: Shutting down and abandoning module OculusEditor (292)
[2018.11.10-23.10.02:098][328]LogModuleManager: Shutting down and abandoning module LocationServicesBPLibrary (290)
[2018.11.10-23.10.02:098][328]LogModuleManager: Shutting down and abandoning module ImmediatePhysicsEditor (288)
[2018.11.10-23.10.02:098][328]LogModuleManager: Shutting down and abandoning module ImmediatePhysics (286)
[2018.11.10-23.10.02:098][328]LogModuleManager: Shutting down and abandoning module ActorSequence (284)
[2018.11.10-23.10.02:098][328]LogModuleManager: Shutting down and abandoning module UdpMessaging (282)
[2018.11.10-23.10.02:209][328]LogModuleManager: Shutting down and abandoning module TcpMessaging (280)
[2018.11.10-23.10.02:312][328]LogModuleManager: Shutting down and abandoning module MagicLeapAudio (278)
[2018.11.10-23.10.02:312][328]LogModuleManager: Shutting down and abandoning module GameplayTagsEditor (276)
[2018.11.10-23.10.02:312][328]LogModuleManager: Shutting down and abandoning module FacialAnimationEditor (274)
[2018.11.10-23.10.02:312][328]LogModuleManager: Shutting down and abandoning module FacialAnimation (272)
[2018.11.10-23.10.02:312][328]LogModuleManager: Shutting down and abandoning module DataValidation (270)
[2018.11.10-23.10.02:312][328]LogModuleManager: Shutting down and abandoning module AssetManagerEditor (268)
[2018.11.10-23.10.02:312][328]LogModuleManager: Shutting down and abandoning module LevelEditor (267)
[2018.11.10-23.10.02:314][328]LogModuleManager: Shutting down and abandoning module PixelInspectorModule (266)
[2018.11.10-23.10.02:314][328]LogModuleManager: Shutting down and abandoning module CommonMenuExtensions (264)
[2018.11.10-23.10.02:314][328]LogModuleManager: Shutting down and abandoning module MainFrame (262)
[2018.11.10-23.10.02:321][328]LogModuleManager: Shutting down and abandoning module HotReload (261)
[2018.11.10-23.10.02:321][328]LogModuleManager: Shutting down and abandoning module ContentBrowser (257)
[2018.11.10-23.10.02:350][328]LogModuleManager: Shutting down and abandoning module TreeMap (255)
[2018.11.10-23.10.02:351][328]LogModuleManager: Shutting down and abandoning module LightPropagationVolumeRuntime (252)
[2018.11.10-23.10.02:351][328]LogModuleManager: Shutting down and abandoning module AISupportModule (250)
[2018.11.10-23.10.02:351][328]LogModuleManager: Shutting down and abandoning module Paper2D (248)
[2018.11.10-23.10.02:351][328]LogModuleManager: Shutting down and abandoning module WindowsMoviePlayer (246)
[2018.11.10-23.10.02:351][328]LogModuleManager: Shutting down and abandoning module WmfMedia (244)
[2018.11.10-23.10.02:354][328]LogModuleManager: Shutting down and abandoning module Media (243)
[2018.11.10-23.10.02:363][328]LogModuleManager: Shutting down and abandoning module PacketHandler (240)
[2018.11.10-23.10.02:363][328]LogModuleManager: Shutting down and abandoning module ClothingSystemEditor (238)
[2018.11.10-23.10.02:363][328]LogModuleManager: Shutting down and abandoning module ClothingSystemRuntime (236)
[2018.11.10-23.10.02:363][328]LogModuleManager: Shutting down and abandoning module MediaAssets (234)
[2018.11.10-23.10.02:363][328]LogModuleManager: Shutting down and abandoning module Overlay (232)
[2018.11.10-23.10.02:363][328]LogModuleManager: Shutting down and abandoning module OverlayEditor (231)
[2018.11.10-23.10.02:363][328]LogModuleManager: Shutting down and abandoning module VREditor (228)
[2018.11.10-23.10.02:363][328]LogModuleManager: Shutting down and abandoning module StringTableEditor (226)
[2018.11.10-23.10.02:363][328]LogModuleManager: Shutting down and abandoning module GameplayTasksEditor (224)
[2018.11.10-23.10.02:363][328]LogModuleManager: Shutting down and abandoning module BehaviorTreeEditor (222)
[2018.11.10-23.10.02:363][328]LogModuleManager: Shutting down and abandoning module FunctionalTesting (220)
[2018.11.10-23.10.02:363][328]LogModuleManager: Shutting down and abandoning module CollisionAnalyzer (218)
[2018.11.10-23.10.02:363][328]LogModuleManager: Shutting down and abandoning module WorkspaceMenuStructure (217)
[2018.11.10-23.10.02:363][328]LogModuleManager: Shutting down and abandoning module UMG (214)
[2018.11.10-23.10.02:363][328]LogModuleManager: Shutting down and abandoning module UMGEditor (213)
[2018.11.10-23.10.02:363][328]LogModuleManager: Shutting down and abandoning module Sequencer (212)
[2018.11.10-23.10.02:374][328]LogModuleManager: Shutting down and abandoning module MessageLog (209)
[2018.11.10-23.10.02:374][328]LogModuleManager: Shutting down and abandoning module SlateReflector (204)
[2018.11.10-23.10.02:374][328]LogModuleManager: Shutting down and abandoning module Slate (202)
[2018.11.10-23.10.02:374][328]LogModuleManager: Shutting down and abandoning module EditorStyle (200)
[2018.11.10-23.10.02:375][328]LogModuleManager: Shutting down and abandoning module MRMesh (198)
[2018.11.10-23.10.02:375][328]LogModuleManager: Shutting down and abandoning module SourceCodeAccess (196)
[2018.11.10-23.10.02:375][328]LogModuleManager: Shutting down and abandoning module HeadMountedDisplay (194)
[2018.11.10-23.10.02:375][328]LogModuleManager: Shutting down and abandoning module XAudio2 (192)
[2018.11.10-23.10.02:375][328]LogModuleManager: Shutting down and abandoning module Networking (190)
[2018.11.10-23.10.02:376][328]LogModuleManager: Shutting down and abandoning module Core (188)
[2018.11.10-23.10.02:376][328]LogModuleManager: Shutting down and abandoning module LevelSequence (186)
[2018.11.10-23.10.02:376][328]LogModuleManager: Shutting down and abandoning module KismetCompiler (184)
[2018.11.10-23.10.02:376][328]LogModuleManager: Shutting down and abandoning module MeshUtilities (182)
[2018.11.10-23.10.02:376][328]LogModuleManager: Shutting down and abandoning module MeshMergeUtilities (181)
[2018.11.10-23.10.02:376][328]LogModuleManager: Shutting down and abandoning module MeshReductionInterface (180)
[2018.11.10-23.10.02:376][328]LogModuleManager: Shutting down and abandoning module SimplygonSwarm (179)
[2018.11.10-23.10.02:376][328]LogModuleManager: Shutting down and abandoning module ProxyLODMeshReduction (177)
[2018.11.10-23.10.02:376][328]LogModuleManager: Shutting down and abandoning module SimplygonMeshReduction (175)
[2018.11.10-23.10.02:376][328]LogModuleManager: Shutting down and abandoning module QuadricMeshReduction (173)
[2018.11.10-23.10.02:376][328]LogModuleManager: Shutting down and abandoning module MaterialBaking (169)
[2018.11.10-23.10.02:376][328]LogModuleManager: Shutting down and abandoning module DirectoryWatcher (165)
[2018.11.10-23.10.02:376][328]LogModuleManager: Shutting down and abandoning module DerivedDataCache (162)
[2018.11.10-23.10.02:887][328]LogDerivedDataCache: Shutdown
[2018.11.10-23.10.02:887][328]LogModuleManager: Shutting down and abandoning module XGEController (160)
[2018.11.10-23.10.02:887][328]LogXGEController: Cleaning working directory: C:/Users/wheez/AppData/Local/Temp/UnrealXGEWorkingDir/
[2018.11.10-23.10.02:887][328]LogModuleManager: Shutting down and abandoning module TargetPlatform (158)
[2018.11.10-23.10.02:887][328]LogModuleManager: Shutting down and abandoning module VulkanShaderFormat (157)
[2018.11.10-23.10.02:887][328]LogModuleManager: Shutting down and abandoning module ShaderFormatVectorVM (155)
[2018.11.10-23.10.02:887][328]LogModuleManager: Shutting down and abandoning module ShaderFormatOpenGL (153)
[2018.11.10-23.10.02:887][328]LogModuleManager: Shutting down and abandoning module ShaderFormatD3D (151)
[2018.11.10-23.10.02:887][328]LogModuleManager: Shutting down and abandoning module MetalShaderFormat (149)
[2018.11.10-23.10.02:887][328]LogModuleManager: Shutting down and abandoning module TextureFormatUncompressed (147)
[2018.11.10-23.10.02:887][328]LogModuleManager: Shutting down and abandoning module TextureFormatPVR (145)
[2018.11.10-23.10.02:887][328]LogModuleManager: Shutting down and abandoning module TextureFormatDXT (143)
[2018.11.10-23.10.02:887][328]LogModuleManager: Shutting down and abandoning module TextureFormatIntelISPCTexComp (141)
[2018.11.10-23.10.02:887][328]LogModuleManager: Shutting down and abandoning module TextureFormatASTC (139)
[2018.11.10-23.10.02:887][328]LogModuleManager: Shutting down and abandoning module ImageWrapper (138)
[2018.11.10-23.10.02:888][328]LogModuleManager: Shutting down and abandoning module TextureFormatAndroid (135)
[2018.11.10-23.10.02:888][328]LogModuleManager: Shutting down and abandoning module AudioFormatOpus (133)
[2018.11.10-23.10.02:888][328]LogModuleManager: Shutting down and abandoning module AudioFormatOgg (131)
[2018.11.10-23.10.02:888][328]LogModuleManager: Shutting down and abandoning module AudioFormatADPCM (129)
[2018.11.10-23.10.02:888][328]LogModuleManager: Shutting down and abandoning module LuminTargetPlatform (127)
[2018.11.10-23.10.02:888][328]LogModuleManager: Shutting down and abandoning module LinuxTargetPlatform (125)
[2018.11.10-23.10.02:888][328]LogModuleManager: Shutting down and abandoning module LinuxServerTargetPlatform (123)
[2018.11.10-23.10.02:888][328]LogModuleManager: Shutting down and abandoning module LinuxNoEditorTargetPlatform (121)
[2018.11.10-23.10.02:888][328]LogModuleManager: Shutting down and abandoning module LinuxClientTargetPlatform (119)
[2018.11.10-23.10.02:888][328]LogModuleManager: Shutting down and abandoning module TVOSTargetPlatform (117)
[2018.11.10-23.10.02:888][328]LogModuleManager: Shutting down and abandoning module Messaging (115)
[2018.11.10-23.10.02:889][328]LogModuleManager: Shutting down and abandoning module IOSTargetPlatform (113)
[2018.11.10-23.10.02:890][328]LogModuleManager: Shutting down and abandoning module HTML5TargetPlatform (111)
[2018.11.10-23.10.02:890][328]LogModuleManager: Shutting down and abandoning module AndroidTargetPlatform (109)
[2018.11.10-23.10.03:308][328]LogModuleManager: Shutting down and abandoning module WindowsTargetPlatform (107)
[2018.11.10-23.10.03:308][328]LogModuleManager: Shutting down and abandoning module WindowsServerTargetPlatform (105)
[2018.11.10-23.10.03:308][328]LogModuleManager: Shutting down and abandoning module WindowsNoEditorTargetPlatform (103)
[2018.11.10-23.10.03:308][328]LogModuleManager: Shutting down and abandoning module WindowsClientTargetPlatform (101)
[2018.11.10-23.10.03:308][328]LogModuleManager: Shutting down and abandoning module MacTargetPlatform (99)
[2018.11.10-23.10.03:308][328]LogModuleManager: Shutting down and abandoning module MacServerTargetPlatform (97)
[2018.11.10-23.10.03:308][328]LogModuleManager: Shutting down and abandoning module MacNoEditorTargetPlatform (95)
[2018.11.10-23.10.03:308][328]LogModuleManager: Shutting down and abandoning module MacClientTargetPlatform (93)
[2018.11.10-23.10.03:308][328]LogModuleManager: Shutting down and abandoning module AllDesktopTargetPlatform (91)
[2018.11.10-23.10.03:308][328]LogModuleManager: Shutting down and abandoning module InputCore (88)
[2018.11.10-23.10.03:308][328]LogModuleManager: Shutting down and abandoning module Settings (86)
[2018.11.10-23.10.03:308][328]LogModuleManager: Shutting down and abandoning module PhysXCooking (84)
[2018.11.10-23.10.03:308][328]LogModuleManager: Shutting down and abandoning module SteamVR (82)
[2018.11.10-23.10.03:308][328]LogModuleManager: Shutting down and abandoning module OculusHMD (80)
[2018.11.10-23.10.03:308][328]LogModuleManager: Shutting down and abandoning module ExampleDeviceProfileSelector (78)
[2018.11.10-23.10.03:308][328]LogModuleManager: Shutting down and abandoning module LauncherChunkInstaller (76)
[2018.11.10-23.10.03:308][328]LogModuleManager: Shutting down and abandoning module OnlineBlueprintSupport (74)
[2018.11.10-23.10.03:308][328]LogModuleManager: Shutting down and abandoning module OnlineSubsystem (70)
[2018.11.10-23.10.03:309][328]LogModuleManager: Shutting down and abandoning module XMPP (65)
[2018.11.10-23.10.03:309][328]LogModuleManager: Shutting down and abandoning module WebSockets (64)
[2018.11.10-23.10.03:329][328]LogModuleManager: Shutting down and abandoning module HTTP (61)
[2018.11.10-23.10.03:330][328]LogHttp: Display: Http module shutting down, but needs to wait on 1 outstanding Http requests:
[2018.11.10-23.10.03:330][328]LogHttp: Display: 	verb=[POST] url=[https://datarouter.ol.epicgames.com/datarouter/api/v1/public/data?SessionID=%7BD000E4D4-4EC6-72D0-9EB3-05A0B3A2F1B1%7D&AppID=UEEditor.Rocket.Release&AppVersion=4.20.3-4369336%2B%2B%2BUE4%2BRelease-4.20&UserID=82c43a214b3effc38180ac829cd279a1%7Cbf33d8a8aac6444abaa5b918a5f5da0f%7C4b5e86ef-70e9-48f7-b32a-e0bba5c1a74b&AppEnvironment=datacollector-binary&UploadType=eteventstream] status=Processing
[2018.11.10-23.10.03:410][328]LogModuleManager: Shutting down and abandoning module SSL (60)
[2018.11.10-23.10.03:427][328]LogModuleManager: Shutting down and abandoning module MagicLeapEmulator (56)
[2018.11.10-23.10.03:427][328]LogModuleManager: Shutting down and abandoning module MagicLeapPrivileges (54)
[2018.11.10-23.10.03:427][328]LogModuleManager: Shutting down and abandoning module MagicLeapIdentity (52)
[2018.11.10-23.10.03:427][328]LogModuleManager: Shutting down and abandoning module MagicLeapHelperVulkan (50)
[2018.11.10-23.10.03:427][328]LogModuleManager: Shutting down and abandoning module MagicLeapHelperOpenGL (48)
[2018.11.10-23.10.03:427][328]LogModuleManager: Shutting down and abandoning module MagicLeapSecureStorage (46)
[2018.11.10-23.10.03:427][328]LogModuleManager: Shutting down and abandoning module MagicLeapGestures (44)
[2018.11.10-23.10.03:427][328]LogModuleManager: Shutting down and abandoning module MagicLeapEyeTracker (42)
[2018.11.10-23.10.03:428][328]LogModuleManager: Shutting down and abandoning module MagicLeapController (40)
[2018.11.10-23.10.03:428][328]LogSlate: Slate User Destroyed.  User Index 0, Is Virtual User: 0
[2018.11.10-23.10.03:428][328]LogModuleManager: Shutting down and abandoning module MagicLeap (38)
[2018.11.10-23.10.03:428][328]LogModuleManager: Shutting down and abandoning module AnimationModifiers (36)
[2018.11.10-23.10.03:428][328]LogModuleManager: Shutting down and abandoning module PropertyEditor (35)
[2018.11.10-23.10.03:428][328]LogModuleManager: Shutting down and abandoning module AudioEditor (32)
[2018.11.10-23.10.03:428][328]LogModuleManager: Shutting down and abandoning module TextureCompressor (30)
[2018.11.10-23.10.03:428][328]LogModuleManager: Shutting down and abandoning module ShaderCore (28)
[2018.11.10-23.10.03:428][328]LogModuleManager: Shutting down and abandoning module Landscape (26)
[2018.11.10-23.10.03:428][328]LogModuleManager: Shutting down and abandoning module SlateRHIRenderer (24)
[2018.11.10-23.10.03:428][328]LogModuleManager: Shutting down and abandoning module OpenGLDrv (22)
[2018.11.10-23.10.03:428][328]LogModuleManager: Shutting down and abandoning module D3D11RHI (20)
[2018.11.10-23.10.03:428][328]LogModuleManager: Shutting down and abandoning module AnimGraphRuntime (18)
[2018.11.10-23.10.03:429][328]LogModuleManager: Shutting down and abandoning module Renderer (16)
[2018.11.10-23.10.03:429][328]LogModuleManager: Shutting down and abandoning module Engine (14)
[2018.11.10-23.10.03:429][328]LogModuleManager: Shutting down and abandoning module CoreUObject (12)
[2018.11.10-23.10.03:429][328]LogModuleManager: Shutting down and abandoning module NetworkFile (10)
[2018.11.10-23.10.03:429][328]LogModuleManager: Shutting down and abandoning module CookedIterativeFile (8)
[2018.11.10-23.10.03:429][328]LogModuleManager: Shutting down and abandoning module StreamingFile (6)
[2018.11.10-23.10.03:429][328]LogModuleManager: Shutting down and abandoning module SandboxFile (4)
[2018.11.10-23.10.03:429][328]LogModuleManager: Shutting down and abandoning module PakFile (2)
[2018.11.10-23.10.03:440][328]LogExit: Exiting.
[2018.11.10-23.10.03:556][328]Log file closed, 11/10/18 23:10:03
